Determining if the pthread_create exist failed with the following output:
Change Dir: /home/ubuntu/ros_workspace/drone/aristarko/build/CMakeFiles/CMakeTmp

Run Build Command:/usr/bin/make "cmTryCompileExec311985333/fast"
make[1]: Entering directory `/home/ubuntu/ros_workspace/drone/aristarko/build/CMakeFiles/CMakeTmp'
/usr/bin/make -f CMakeFiles/cmTryCompileExec311985333.dir/build.make CMakeFiles/cmTryCompileExec311985333.dir/build
make[2]: Entering directory `/home/ubuntu/ros_workspace/drone/aristarko/build/CMakeFiles/CMakeTmp'
/usr/bin/cmake -E cmake_progress_report /home/ubuntu/ros_workspace/drone/aristarko/build/CMakeFiles/CMakeTmp/CMakeFiles 1
Building C object CMakeFiles/cmTryCompileExec311985333.dir/CheckSymbolExists.c.o
/usr/bin/cc    -o CMakeFiles/cmTryCompileExec311985333.dir/CheckSymbolExists.c.o   -c /home/ubuntu/ros_workspace/drone/aristarko/build/CMakeFiles/CMakeTmp/CheckSymbolExists.c
Linking C executable cmTryCompileExec311985333
/usr/bin/cmake -E cmake_link_script CMakeFiles/cmTryCompileExec311985333.dir/link.txt --verbose=1
/usr/bin/cc       CMakeFiles/cmTryCompileExec311985333.dir/CheckSymbolExists.c.o  -o cmTryCompileExec311985333 -rdynamic 
CMakeFiles/cmTryCompileExec311985333.dir/CheckSymbolExists.c.o: In function `main':
CheckSymbolExists.c:(.text+0xe): undefined reference to `pthread_create'make[2]: Leaving directory `/home/ubuntu/ros_workspace/drone/aristarko/build/CMakeFiles/CMakeTmp'
make[1]: Leaving directory `/home/ubuntu/ros_workspace/drone/aristarko/build/CMakeFiles/CMakeTmp'

CheckSymbolExists.c:(.text+0x12): undefined reference to `pthread_create'
collect2: error: ld returned 1 exit status
make[2]: *** [cmTryCompileExec311985333] Error 1
make[1]: *** [cmTryCompileExec311985333/fast] Error 2

File /home/ubuntu/ros_workspace/drone/aristarko/build/CMakeFiles/CMakeTmp/CheckSymbolExists.c:
/* */
#include <pthread.h>

int main(int argc, char** argv)
{
  (void)argv;
#ifndef pthread_create
  return ((int*)(&pthread_create))[argc];
#else
  (void)argc;
  return 0;
#endif
}

Determining if the function pthread_create exists in the pthreads failed with the following output:
Change Dir: /home/ubuntu/ros_workspace/drone/aristarko/build/CMakeFiles/CMakeTmp

Run Build Command:/usr/bin/make "cmTryCompileExec2635438441/fast"
make[1]: Entering directory `/home/ubuntu/ros_workspace/drone/aristarko/build/CMakeFiles/CMakeTmp'
/usr/bin/make -f CMakeFiles/cmTryCompileExec2635438441.dir/build.make CMakeFiles/cmTryCompileExec2635438441.dir/build
make[2]: Entering directory `/home/ubuntu/ros_workspace/drone/aristarko/build/CMakeFiles/CMakeTmp'
/usr/bin/cmake -E cmake_progress_report /home/ubuntu/ros_workspace/drone/aristarko/build/CMakeFiles/CMakeTmp/CMakeFiles 1
Building C object CMakeFiles/cmTryCompileExec2635438441.dir/CheckFunctionExists.c.o
/usr/bin/cc   -DCHECK_FUNCTION_EXISTS=pthread_create   -o CMakeFiles/cmTryCompileExec2635438441.dir/CheckFunctionExists.c.o   -c /usr/share/cmake-2.8/Modules/CheckFunctionExists.c
Linking C executable cmTryCompileExec2635438441
/usr/bin/cmake -E cmake_link_script CMakeFiles/cmTryCompileExec2635438441.dir/link.txt --verbose=1
/usr/bin/cc   -DCHECK_FUNCTION_EXISTS=pthread_create    CMakeFiles/cmTryCompileExec2635438441.dir/CheckFunctionExists.c.o  -o cmTryCompileExec2635438441 -rdynamic -lpthreads 
/usr/bin/ld: cannot find -lpthreadsmake[2]: Leaving directory `/home/ubuntu/ros_workspace/drone/aristarko/build/CMakeFiles/CMakeTmp'
make[1]: Leaving directory `/home/ubuntu/ros_workspace/drone/aristarko/build/CMakeFiles/CMakeTmp'

collect2: error: ld returned 1 exit status
make[2]: *** [cmTryCompileExec2635438441] Error 1
make[1]: *** [cmTryCompileExec2635438441/fast] Error 2


